W0404 22:41:20.679000 131328301326976 torch/distributed/run.py:779] 
W0404 22:41:20.679000 131328301326976 torch/distributed/run.py:779] *****************************************
W0404 22:41:20.679000 131328301326976 torch/distributed/run.py:779] Setting OMP_NUM_THREADS environment variable for each process to be 1 in default, to avoid your system being overloaded, please further tune the variable for optimal performance in your application as needed. 
W0404 22:41:20.679000 131328301326976 torch/distributed/run.py:779] *****************************************
logs/8c615fee-156a-41e9-af1d-402bcf2f0065.txt
val_bpb:enabled tokenizer_kind=sentencepiece tokenizer_path=./data/tokenizers/fineweb_1024_bpe.model
train_loader:dataset:fineweb10B_sp1024 train_shards:80
val_loader:shards pattern=./data/datasets/fineweb10B_sp1024/fineweb_val_*.bin tokens:62021632
model_params:26993756
mtp_num_heads:0 mtp_loss_weight:0.2 mtp_params:0
XSA:last_11 active_layers:[0, 1, 2, 3, 4, 5, 6, 7, 8, 9, 10]
world_size:8 grad_accum_steps:1
sdp_backends:cudnn=False flash=True mem_efficient=False math=False
attention_mode:gqa num_heads:8 num_kv_heads:4
tie_embeddings:True embed_lr:0.035 head_lr:0.0 matrix_lr:0.025 scalar_lr:0.025
train_batch_tokens:786432 train_seq_len:2048 iterations:20000 warmup_steps:20 max_wallclock_seconds:600.000
seed:2025
warmup_step:1/20
warmup_step:2/20
warmup_step:3/20
warmup_step:4/20
warmup_step:5/20
warmup_step:6/20
warmup_step:7/20
warmup_step:8/20
warmup_step:9/20
warmup_step:10/20
warmup_step:11/20
warmup_step:12/20
warmup_step:13/20
warmup_step:14/20
warmup_step:15/20
warmup_step:16/20
warmup_step:17/20
warmup_step:18/20
warmup_step:19/20
warmup_step:20/20
step:0/20000 val_loss:6.9294 val_bpb:4.1040 train_time:0ms step_avg:0.02ms
step:1/20000 train_loss:6.9322 train_time:158ms step_avg:158.07ms
step:2/20000 train_loss:8.4746 train_time:266ms step_avg:133.23ms
step:3/20000 train_loss:7.3460 train_time:379ms step_avg:126.24ms
step:4/20000 train_loss:8.2669 train_time:491ms step_avg:122.70ms
step:5/20000 train_loss:8.6022 train_time:603ms step_avg:120.60ms
step:6/20000 train_loss:8.2821 train_time:715ms step_avg:119.20ms
step:7/20000 train_loss:7.6880 train_time:828ms step_avg:118.21ms
step:8/20000 train_loss:7.1163 train_time:940ms step_avg:117.48ms
step:9/20000 train_loss:6.6382 train_time:1052ms step_avg:116.87ms
step:10/20000 train_loss:6.3211 train_time:1165ms step_avg:116.50ms
step:500/20000 train_loss:2.3817 train_time:56817ms step_avg:113.63ms
step:1000/20000 train_loss:2.2578 train_time:113867ms step_avg:113.87ms
step:1500/20000 train_loss:2.2049 train_time:170816ms step_avg:113.88ms
step:2000/20000 train_loss:2.0432 train_time:227802ms step_avg:113.90ms
step:2500/20000 train_loss:2.1398 train_time:284752ms step_avg:113.90ms
step:3000/20000 train_loss:2.1189 train_time:341719ms step_avg:113.91ms
step:3500/20000 train_loss:2.1273 train_time:398751ms step_avg:113.93ms
step:4000/20000 train_loss:1.9126 train_time:455662ms step_avg:113.92ms
step:4000/20000 val_loss:2.0012 val_bpb:1.1852 train_time:455667ms step_avg:113.92ms
step:4500/20000 train_loss:2.0546 train_time:512601ms step_avg:113.91ms
swa:start step:4600
late_qat:enabled step:4741 scale:0.1500
step:5000/20000 train_loss:2.0243 train_time:569850ms step_avg:113.97ms
step:5264/20000 val_loss:1.9372 val_bpb:1.1473 train_time:600110ms step_avg:114.00ms
stopping_early: wallclock_cap train_time:600110ms step:5264/20000
peak memory allocated: 27751 MiB reserved: 27928 MiB
ema:applying EMA weights
ttt:start lr=0.0005 epochs=6 freeze_blocks=2 cosine_decay=True
ttt_adamw:params trainable=22271052 frozen=4722704
ttt_adamw:epoch 1/6 loss:1.9538 time:30.0s
ttt_adamw:epoch 2/6 loss:1.9369 time:59.7s
ttt_adamw:epoch 3/6 loss:1.9273 time:89.5s
ttt_adamw:epoch 4/6 loss:1.9191 time:119.2s
ttt_adamw:epoch 5/6 loss:1.9115 time:149.0s
ttt_adamw:epoch 6/6 loss:1.9058 time:178.7s
ttt_adamw:done elapsed=178.7s
ttt:elapsed=178.7s
gptq:calibrating batches=32
gptq:done layers=68 time=6622ms
DIAGNOSTIC post_ema val_loss:1.9067 val_bpb:1.1293 eval_time:2656ms
Serialized model: 106178100 bytes
Code size: 82079 bytes
Serialized model int6+zstd: 15791870 bytes
Total submission size int6+zstd: 15873949 bytes
Total submission size int8+zlib: 15873949 bytes
/workspace/parameter-golf/train_gpt.py:1575: FutureWarning: You are using `torch.load` with `weights_only=False` (the current default value), which uses the default pickle module implicitly. It is possible to construct malicious pickle data which will execute arbitrary code during unpickling (See https://github.com/pytorch/pytorch/blob/main/SECURITY.md#untrusted-models for more details). In a future release, the default value for `weights_only` will be flipped to `True`. This limits the functions that could be executed during unpickling. Arbitrary objects will no longer be allowed to be loaded via this mode unless they are explicitly allowlisted by the user via `torch.serialization.add_safe_globals`. We recommend you start setting `weights_only=True` for any use case where you don't have full control of the loaded file. Please open an issue on GitHub for any issues related to this experimental feature.
  quant_state = torch.load(
/workspace/parameter-golf/train_gpt.py:1575: FutureWarning: You are using `torch.load` with `weights_only=False` (the current default value), which uses the default pickle module implicitly. It is possible to construct malicious pickle data which will execute arbitrary code during unpickling (See https://github.com/pytorch/pytorch/blob/main/SECURITY.md#untrusted-models for more details). In a future release, the default value for `weights_only` will be flipped to `True`. This limits the functions that could be executed during unpickling. Arbitrary objects will no longer be allowed to be loaded via this mode unless they are explicitly allowlisted by the user via `torch.serialization.add_safe_globals`. We recommend you start setting `weights_only=True` for any use case where you don't have full control of the loaded file. Please open an issue on GitHub for any issues related to this experimental feature.
  quant_state = torch.load(
/workspace/parameter-golf/train_gpt.py:1575: FutureWarning: You are using `torch.load` with `weights_only=False` (the current default value), which uses the default pickle module implicitly. It is possible to construct malicious pickle data which will execute arbitrary code during unpickling (See https://github.com/pytorch/pytorch/blob/main/SECURITY.md#untrusted-models for more details). In a future release, the default value for `weights_only` will be flipped to `True`. This limits the functions that could be executed during unpickling. Arbitrary objects will no longer be allowed to be loaded via this mode unless they are explicitly allowlisted by the user via `torch.serialization.add_safe_globals`. We recommend you start setting `weights_only=True` for any use case where you don't have full control of the loaded file. Please open an issue on GitHub for any issues related to this experimental feature.
  quant_state = torch.load(
/workspace/parameter-golf/train_gpt.py:1575: FutureWarning: You are using `torch.load` with `weights_only=False` (the current default value), which uses the default pickle module implicitly. It is possible to construct malicious pickle data which will execute arbitrary code during unpickling (See https://github.com/pytorch/pytorch/blob/main/SECURITY.md#untrusted-models for more details). In a future release, the default value for `weights_only` will be flipped to `True`. This limits the functions that could be executed during unpickling. Arbitrary objects will no longer be allowed to be loaded via this mode unless they are explicitly allowlisted by the user via `torch.serialization.add_safe_globals`. We recommend you start setting `weights_only=True` for any use case where you don't have full control of the loaded file. Please open an issue on GitHub for any issues related to this experimental feature.
  quant_state = torch.load(
/workspace/parameter-golf/train_gpt.py:1575: FutureWarning: You are using `torch.load` with `weights_only=False` (the current default value), which uses the default pickle module implicitly. It is possible to construct malicious pickle data which will execute arbitrary code during unpickling (See https://github.com/pytorch/pytorch/blob/main/SECURITY.md#untrusted-models for more details). In a future release, the default value for `weights_only` will be flipped to `True`. This limits the functions that could be executed during unpickling. Arbitrary objects will no longer be allowed to be loaded via this mode unless they are explicitly allowlisted by the user via `torch.serialization.add_safe_globals`. We recommend you start setting `weights_only=True` for any use case where you don't have full control of the loaded file. Please open an issue on GitHub for any issues related to this experimental feature.
  quant_state = torch.load(
/workspace/parameter-golf/train_gpt.py:1575: FutureWarning: You are using `torch.load` with `weights_only=False` (the current default value), which uses the default pickle module implicitly. It is possible to construct malicious pickle data which will execute arbitrary code during unpickling (See https://github.com/pytorch/pytorch/blob/main/SECURITY.md#untrusted-models for more details). In a future release, the default value for `weights_only` will be flipped to `True`. This limits the functions that could be executed during unpickling. Arbitrary objects will no longer be allowed to be loaded via this mode unless they are explicitly allowlisted by the user via `torch.serialization.add_safe_globals`. We recommend you start setting `weights_only=True` for any use case where you don't have full control of the loaded file. Please open an issue on GitHub for any issues related to this experimental feature.
  quant_state = torch.load(
/workspace/parameter-golf/train_gpt.py:1575: FutureWarning: You are using `torch.load` with `weights_only=False` (the current default value), which uses the default pickle module implicitly. It is possible to construct malicious pickle data which will execute arbitrary code during unpickling (See https://github.com/pytorch/pytorch/blob/main/SECURITY.md#untrusted-models for more details). In a future release, the default value for `weights_only` will be flipped to `True`. This limits the functions that could be executed during unpickling. Arbitrary objects will no longer be allowed to be loaded via this mode unless they are explicitly allowlisted by the user via `torch.serialization.add_safe_globals`. We recommend you start setting `weights_only=True` for any use case where you don't have full control of the loaded file. Please open an issue on GitHub for any issues related to this experimental feature.
  quant_state = torch.load(
/workspace/parameter-golf/train_gpt.py:1575: FutureWarning: You are using `torch.load` with `weights_only=False` (the current default value), which uses the default pickle module implicitly. It is possible to construct malicious pickle data which will execute arbitrary code during unpickling (See https://github.com/pytorch/pytorch/blob/main/SECURITY.md#untrusted-models for more details). In a future release, the default value for `weights_only` will be flipped to `True`. This limits the functions that could be executed during unpickling. Arbitrary objects will no longer be allowed to be loaded via this mode unless they are explicitly allowlisted by the user via `torch.serialization.add_safe_globals`. We recommend you start setting `weights_only=True` for any use case where you don't have full control of the loaded file. Please open an issue on GitHub for any issues related to this experimental feature.
  quant_state = torch.load(
final_int6_roundtrip val_loss:1.9101 val_bpb:1.1313 eval_time:49040ms
final_int6_roundtrip_exact val_loss:1.91010750 val_bpb:1.13127325
final_int6_sliding_window val_loss:1.8734 val_bpb:1.1096 stride:64 eval_time:115136ms
final_int6_sliding_window_exact val_loss:1.87343108 val_bpb:1.10955435
final_slot val_loss:1.1954 val_bpb:0.7080 steps:24 lr:0.024 time:271632ms
final_slot_exact val_loss:1.19540674 val_bpb:0.70798881
