W0404 22:17:27.952000 140044205654656 torch/distributed/run.py:779] 
W0404 22:17:27.952000 140044205654656 torch/distributed/run.py:779] *****************************************
W0404 22:17:27.952000 140044205654656 torch/distributed/run.py:779] Setting OMP_NUM_THREADS environment variable for each process to be 1 in default, to avoid your system being overloaded, please further tune the variable for optimal performance in your application as needed. 
W0404 22:17:27.952000 140044205654656 torch/distributed/run.py:779] *****************************************
logs/9eedcbfd-729c-4830-9723-228a8e12d9be.txt
val_bpb:enabled tokenizer_kind=sentencepiece tokenizer_path=./data/tokenizers/fineweb_1024_bpe.model
train_loader:dataset:fineweb10B_sp1024 train_shards:80
val_loader:shards pattern=./data/datasets/fineweb10B_sp1024/fineweb_val_*.bin tokens:62021632
model_params:26993756
mtp_num_heads:0 mtp_loss_weight:0.2 mtp_params:0
XSA:last_11 active_layers:[0, 1, 2, 3, 4, 5, 6, 7, 8, 9, 10]
world_size:8 grad_accum_steps:1
sdp_backends:cudnn=False flash=True mem_efficient=False math=False
attention_mode:gqa num_heads:8 num_kv_heads:4
tie_embeddings:True embed_lr:0.035 head_lr:0.0 matrix_lr:0.025 scalar_lr:0.025
train_batch_tokens:786432 train_seq_len:2048 iterations:20000 warmup_steps:20 max_wallclock_seconds:600.000
seed:42
warmup_step:1/20
warmup_step:2/20
warmup_step:3/20
warmup_step:4/20
warmup_step:5/20
warmup_step:6/20
warmup_step:7/20
warmup_step:8/20
warmup_step:9/20
warmup_step:10/20
warmup_step:11/20
warmup_step:12/20
warmup_step:13/20
warmup_step:14/20
warmup_step:15/20
warmup_step:16/20
warmup_step:17/20
warmup_step:18/20
warmup_step:19/20
warmup_step:20/20
step:0/20000 val_loss:6.9292 val_bpb:4.1038 train_time:0ms step_avg:0.01ms
step:1/20000 train_loss:6.9318 train_time:159ms step_avg:158.68ms
step:2/20000 train_loss:8.4911 train_time:267ms step_avg:133.48ms
step:3/20000 train_loss:7.4684 train_time:379ms step_avg:126.49ms
step:4/20000 train_loss:8.2212 train_time:492ms step_avg:122.88ms
step:5/20000 train_loss:8.5276 train_time:604ms step_avg:120.73ms
step:6/20000 train_loss:8.3530 train_time:716ms step_avg:119.31ms
step:7/20000 train_loss:7.7717 train_time:828ms step_avg:118.29ms
step:8/20000 train_loss:7.1635 train_time:940ms step_avg:117.52ms
step:9/20000 train_loss:6.5916 train_time:1052ms step_avg:116.92ms
step:10/20000 train_loss:6.2519 train_time:1165ms step_avg:116.46ms
step:500/20000 train_loss:2.3866 train_time:56868ms step_avg:113.74ms
step:1000/20000 train_loss:2.2559 train_time:113878ms step_avg:113.88ms
step:1500/20000 train_loss:2.2036 train_time:170810ms step_avg:113.87ms
step:2000/20000 train_loss:2.0449 train_time:227748ms step_avg:113.87ms
step:2500/20000 train_loss:2.1392 train_time:284685ms step_avg:113.87ms
step:3000/20000 train_loss:2.1208 train_time:341602ms step_avg:113.87ms
step:3500/20000 train_loss:2.1227 train_time:398514ms step_avg:113.86ms
step:4000/20000 train_loss:1.9126 train_time:455412ms step_avg:113.85ms
step:4000/20000 val_loss:2.0007 val_bpb:1.1849 train_time:455417ms step_avg:113.85ms
step:4500/20000 train_loss:2.0522 train_time:512310ms step_avg:113.85ms
swa:start step:4600
late_qat:enabled step:4744 scale:0.1500
step:5000/20000 train_loss:2.0282 train_time:569526ms step_avg:113.91ms
step:5267/20000 val_loss:1.9365 val_bpb:1.1469 train_time:600110ms step_avg:113.94ms
stopping_early: wallclock_cap train_time:600110ms step:5267/20000
peak memory allocated: 27750 MiB reserved: 27928 MiB
ema:applying EMA weights
ttt:start lr=0.0005 epochs=6 freeze_blocks=2 cosine_decay=True
ttt_adamw:params trainable=22271052 frozen=4722704
ttt_adamw:epoch 1/6 loss:1.9519 time:30.1s
ttt_adamw:epoch 2/6 loss:1.9360 time:59.8s
ttt_adamw:epoch 3/6 loss:1.9262 time:89.5s
ttt_adamw:epoch 4/6 loss:1.9180 time:119.3s
ttt_adamw:epoch 5/6 loss:1.9104 time:149.0s
ttt_adamw:epoch 6/6 loss:1.9047 time:178.8s
ttt_adamw:done elapsed=178.8s
ttt:elapsed=178.8s
gptq:calibrating batches=32
gptq:done layers=68 time=6703ms
DIAGNOSTIC post_ema val_loss:1.9059 val_bpb:1.1288 eval_time:2871ms
Serialized model: 106178100 bytes
Code size: 82079 bytes
Serialized model int6+zstd: 15789090 bytes
Total submission size int6+zstd: 15871169 bytes
Total submission size int8+zlib: 15871169 bytes
/workspace/parameter-golf/train_gpt.py:1575: FutureWarning: You are using `torch.load` with `weights_only=False` (the current default value), which uses the default pickle module implicitly. It is possible to construct malicious pickle data which will execute arbitrary code during unpickling (See https://github.com/pytorch/pytorch/blob/main/SECURITY.md#untrusted-models for more details). In a future release, the default value for `weights_only` will be flipped to `True`. This limits the functions that could be executed during unpickling. Arbitrary objects will no longer be allowed to be loaded via this mode unless they are explicitly allowlisted by the user via `torch.serialization.add_safe_globals`. We recommend you start setting `weights_only=True` for any use case where you don't have full control of the loaded file. Please open an issue on GitHub for any issues related to this experimental feature.
  quant_state = torch.load(
/workspace/parameter-golf/train_gpt.py:1575: FutureWarning: You are using `torch.load` with `weights_only=False` (the current default value), which uses the default pickle module implicitly. It is possible to construct malicious pickle data which will execute arbitrary code during unpickling (See https://github.com/pytorch/pytorch/blob/main/SECURITY.md#untrusted-models for more details). In a future release, the default value for `weights_only` will be flipped to `True`. This limits the functions that could be executed during unpickling. Arbitrary objects will no longer be allowed to be loaded via this mode unless they are explicitly allowlisted by the user via `torch.serialization.add_safe_globals`. We recommend you start setting `weights_only=True` for any use case where you don't have full control of the loaded file. Please open an issue on GitHub for any issues related to this experimental feature.
  quant_state = torch.load(
/workspace/parameter-golf/train_gpt.py:1575: FutureWarning: You are using `torch.load` with `weights_only=False` (the current default value), which uses the default pickle module implicitly. It is possible to construct malicious pickle data which will execute arbitrary code during unpickling (See https://github.com/pytorch/pytorch/blob/main/SECURITY.md#untrusted-models for more details). In a future release, the default value for `weights_only` will be flipped to `True`. This limits the functions that could be executed during unpickling. Arbitrary objects will no longer be allowed to be loaded via this mode unless they are explicitly allowlisted by the user via `torch.serialization.add_safe_globals`. We recommend you start setting `weights_only=True` for any use case where you don't have full control of the loaded file. Please open an issue on GitHub for any issues related to this experimental feature.
  quant_state = torch.load(
/workspace/parameter-golf/train_gpt.py:1575: FutureWarning: You are using `torch.load` with `weights_only=False` (the current default value), which uses the default pickle module implicitly. It is possible to construct malicious pickle data which will execute arbitrary code during unpickling (See https://github.com/pytorch/pytorch/blob/main/SECURITY.md#untrusted-models for more details). In a future release, the default value for `weights_only` will be flipped to `True`. This limits the functions that could be executed during unpickling. Arbitrary objects will no longer be allowed to be loaded via this mode unless they are explicitly allowlisted by the user via `torch.serialization.add_safe_globals`. We recommend you start setting `weights_only=True` for any use case where you don't have full control of the loaded file. Please open an issue on GitHub for any issues related to this experimental feature.
  quant_state = torch.load(
/workspace/parameter-golf/train_gpt.py:1575: FutureWarning: You are using `torch.load` with `weights_only=False` (the current default value), which uses the default pickle module implicitly. It is possible to construct malicious pickle data which will execute arbitrary code during unpickling (See https://github.com/pytorch/pytorch/blob/main/SECURITY.md#untrusted-models for more details). In a future release, the default value for `weights_only` will be flipped to `True`. This limits the functions that could be executed during unpickling. Arbitrary objects will no longer be allowed to be loaded via this mode unless they are explicitly allowlisted by the user via `torch.serialization.add_safe_globals`. We recommend you start setting `weights_only=True` for any use case where you don't have full control of the loaded file. Please open an issue on GitHub for any issues related to this experimental feature.
  quant_state = torch.load(
/workspace/parameter-golf/train_gpt.py:1575: FutureWarning: You are using `torch.load` with `weights_only=False` (the current default value), which uses the default pickle module implicitly. It is possible to construct malicious pickle data which will execute arbitrary code during unpickling (See https://github.com/pytorch/pytorch/blob/main/SECURITY.md#untrusted-models for more details). In a future release, the default value for `weights_only` will be flipped to `True`. This limits the functions that could be executed during unpickling. Arbitrary objects will no longer be allowed to be loaded via this mode unless they are explicitly allowlisted by the user via `torch.serialization.add_safe_globals`. We recommend you start setting `weights_only=True` for any use case where you don't have full control of the loaded file. Please open an issue on GitHub for any issues related to this experimental feature.
  quant_state = torch.load(
/workspace/parameter-golf/train_gpt.py:1575: FutureWarning: You are using `torch.load` with `weights_only=False` (the current default value), which uses the default pickle module implicitly. It is possible to construct malicious pickle data which will execute arbitrary code during unpickling (See https://github.com/pytorch/pytorch/blob/main/SECURITY.md#untrusted-models for more details). In a future release, the default value for `weights_only` will be flipped to `True`. This limits the functions that could be executed during unpickling. Arbitrary objects will no longer be allowed to be loaded via this mode unless they are explicitly allowlisted by the user via `torch.serialization.add_safe_globals`. We recommend you start setting `weights_only=True` for any use case where you don't have full control of the loaded file. Please open an issue on GitHub for any issues related to this experimental feature.
  quant_state = torch.load(
/workspace/parameter-golf/train_gpt.py:1575: FutureWarning: You are using `torch.load` with `weights_only=False` (the current default value), which uses the default pickle module implicitly. It is possible to construct malicious pickle data which will execute arbitrary code during unpickling (See https://github.com/pytorch/pytorch/blob/main/SECURITY.md#untrusted-models for more details). In a future release, the default value for `weights_only` will be flipped to `True`. This limits the functions that could be executed during unpickling. Arbitrary objects will no longer be allowed to be loaded via this mode unless they are explicitly allowlisted by the user via `torch.serialization.add_safe_globals`. We recommend you start setting `weights_only=True` for any use case where you don't have full control of the loaded file. Please open an issue on GitHub for any issues related to this experimental feature.
  quant_state = torch.load(
final_int6_roundtrip val_loss:1.9095 val_bpb:1.1309 eval_time:48778ms
final_int6_roundtrip_exact val_loss:1.90951412 val_bpb:1.13092182
final_int6_sliding_window val_loss:1.8728 val_bpb:1.1092 stride:64 eval_time:114901ms
final_int6_sliding_window_exact val_loss:1.87281830 val_bpb:1.10919143
final_slot val_loss:1.1915 val_bpb:0.7057 steps:24 lr:0.024 time:272413ms
final_slot_exact val_loss:1.19148472 val_bpb:0.70566596
