W0405 06:41:26.995000 124896734605952 torch/distributed/run.py:779] 
W0405 06:41:26.995000 124896734605952 torch/distributed/run.py:779] *****************************************
W0405 06:41:26.995000 124896734605952 torch/distributed/run.py:779] Setting OMP_NUM_THREADS environment variable for each process to be 1 in default, to avoid your system being overloaded, please further tune the variable for optimal performance in your application as needed. 
W0405 06:41:26.995000 124896734605952 torch/distributed/run.py:779] *****************************************
logs/84f57329-5cf6-4c78-b5ee-35049497208e.txt
val_bpb:enabled tokenizer_kind=sentencepiece tokenizer_path=./data/tokenizers/fineweb_1024_bpe.model
train_loader:dataset:fineweb10B_sp1024 train_shards:80
val_loader:shards pattern=./data/datasets/fineweb10B_sp1024/fineweb_val_*.bin tokens:62021632
model_params:26928220
mtp_num_heads:0 mtp_loss_weight:0.2 mtp_params:0
XSA:last_11 active_layers:[0, 1, 2, 3, 4, 5, 6, 7, 8, 9, 10]
world_size:8 grad_accum_steps:1
sdp_backends:cudnn=False flash=True mem_efficient=False math=False
attention_mode:gqa num_heads:8 num_kv_heads:4
tie_embeddings:True embed_lr:0.035 head_lr:0.0 matrix_lr:0.025 scalar_lr:0.025
train_batch_tokens:786432 train_seq_len:2048 iterations:20000 warmup_steps:20 max_wallclock_seconds:600.000
seed:42
warmup_step:1/20
warmup_step:2/20
warmup_step:3/20
warmup_step:4/20
warmup_step:5/20
warmup_step:6/20
warmup_step:7/20
warmup_step:8/20
warmup_step:9/20
warmup_step:10/20
warmup_step:11/20
warmup_step:12/20
warmup_step:13/20
warmup_step:14/20
warmup_step:15/20
warmup_step:16/20
warmup_step:17/20
warmup_step:18/20
warmup_step:19/20
warmup_step:20/20
step:0/20000 val_loss:6.9283 val_bpb:4.1033 train_time:0ms step_avg:0.01ms
step:1/20000 train_loss:6.9307 train_time:158ms step_avg:157.53ms
step:2/20000 train_loss:8.5338 train_time:266ms step_avg:132.81ms
step:3/20000 train_loss:7.3870 train_time:378ms step_avg:125.98ms
step:4/20000 train_loss:8.1717 train_time:491ms step_avg:122.65ms
step:5/20000 train_loss:8.4494 train_time:603ms step_avg:120.64ms
step:6/20000 train_loss:8.2103 train_time:716ms step_avg:119.30ms
step:7/20000 train_loss:7.5790 train_time:828ms step_avg:118.32ms
step:8/20000 train_loss:7.1150 train_time:941ms step_avg:117.57ms
step:9/20000 train_loss:6.6788 train_time:1053ms step_avg:117.04ms
step:10/20000 train_loss:6.2286 train_time:1167ms step_avg:116.68ms
step:500/20000 train_loss:2.3821 train_time:56952ms step_avg:113.90ms
step:1000/20000 train_loss:2.2566 train_time:114187ms step_avg:114.19ms
step:1500/20000 train_loss:2.2049 train_time:171382ms step_avg:114.25ms
step:2000/20000 train_loss:2.0490 train_time:228558ms step_avg:114.28ms
step:2500/20000 train_loss:2.1400 train_time:285703ms step_avg:114.28ms
step:3000/20000 train_loss:2.1196 train_time:342834ms step_avg:114.28ms
step:3500/20000 train_loss:2.1243 train_time:400028ms step_avg:114.29ms
step:4000/20000 train_loss:1.9144 train_time:457110ms step_avg:114.28ms
step:4000/20000 val_loss:2.0024 val_bpb:1.1859 train_time:457115ms step_avg:114.28ms
step:4500/20000 train_loss:2.0553 train_time:514172ms step_avg:114.26ms
swa:start step:4600
late_qat:enabled step:4725 scale:0.1499
step:5000/20000 train_loss:2.0283 train_time:571555ms step_avg:114.31ms
step:5248/20000 val_loss:1.9392 val_bpb:1.1485 train_time:600059ms step_avg:114.34ms
stopping_early: wallclock_cap train_time:600059ms step:5248/20000
peak memory allocated: 27749 MiB reserved: 27978 MiB
ema:applying EMA weights
ttt:start lr=0.0005 epochs=6 freeze_blocks=2 cosine_decay=True
ttt_adamw:params trainable=22205516 frozen=4722704
ttt_adamw:epoch 1/6 loss:1.9556 time:30.0s
ttt_adamw:epoch 2/6 loss:1.9388 time:59.7s
ttt_adamw:epoch 3/6 loss:1.9290 time:89.4s
ttt_adamw:epoch 4/6 loss:1.9208 time:119.2s
ttt_adamw:epoch 5/6 loss:1.9130 time:148.9s
ttt_adamw:epoch 6/6 loss:1.9072 time:178.7s
ttt_adamw:done elapsed=178.7s
ttt:elapsed=178.7s
gptq:calibrating batches=32
gptq:done layers=68 time=6504ms
DIAGNOSTIC post_ema val_loss:1.9083 val_bpb:1.1302 eval_time:2859ms
Serialized model: 106047028 bytes
Code size: 77556 bytes
Serialized model int6+lzma: 15852568 bytes
Total submission size int6+lzma: 15930124 bytes
Total submission size int8+zlib: 15930124 bytes
/workspace/parameter-golf/train_gpt.py:1507: FutureWarning: You are using `torch.load` with `weights_only=False` (the current default value), which uses the default pickle module implicitly. It is possible to construct malicious pickle data which will execute arbitrary code during unpickling (See https://github.com/pytorch/pytorch/blob/main/SECURITY.md#untrusted-models for more details). In a future release, the default value for `weights_only` will be flipped to `True`. This limits the functions that could be executed during unpickling. Arbitrary objects will no longer be allowed to be loaded via this mode unless they are explicitly allowlisted by the user via `torch.serialization.add_safe_globals`. We recommend you start setting `weights_only=True` for any use case where you don't have full control of the loaded file. Please open an issue on GitHub for any issues related to this experimental feature.
  quant_state = torch.load(
/workspace/parameter-golf/train_gpt.py:1507: FutureWarning: You are using `torch.load` with `weights_only=False` (the current default value), which uses the default pickle module implicitly. It is possible to construct malicious pickle data which will execute arbitrary code during unpickling (See https://github.com/pytorch/pytorch/blob/main/SECURITY.md#untrusted-models for more details). In a future release, the default value for `weights_only` will be flipped to `True`. This limits the functions that could be executed during unpickling. Arbitrary objects will no longer be allowed to be loaded via this mode unless they are explicitly allowlisted by the user via `torch.serialization.add_safe_globals`. We recommend you start setting `weights_only=True` for any use case where you don't have full control of the loaded file. Please open an issue on GitHub for any issues related to this experimental feature.
  quant_state = torch.load(
/workspace/parameter-golf/train_gpt.py:1507: FutureWarning: You are using `torch.load` with `weights_only=False` (the current default value), which uses the default pickle module implicitly. It is possible to construct malicious pickle data which will execute arbitrary code during unpickling (See https://github.com/pytorch/pytorch/blob/main/SECURITY.md#untrusted-models for more details). In a future release, the default value for `weights_only` will be flipped to `True`. This limits the functions that could be executed during unpickling. Arbitrary objects will no longer be allowed to be loaded via this mode unless they are explicitly allowlisted by the user via `torch.serialization.add_safe_globals`. We recommend you start setting `weights_only=True` for any use case where you don't have full control of the loaded file. Please open an issue on GitHub for any issues related to this experimental feature.
  quant_state = torch.load(
/workspace/parameter-golf/train_gpt.py:1507: FutureWarning: You are using `torch.load` with `weights_only=False` (the current default value), which uses the default pickle module implicitly. It is possible to construct malicious pickle data which will execute arbitrary code during unpickling (See https://github.com/pytorch/pytorch/blob/main/SECURITY.md#untrusted-models for more details). In a future release, the default value for `weights_only` will be flipped to `True`. This limits the functions that could be executed during unpickling. Arbitrary objects will no longer be allowed to be loaded via this mode unless they are explicitly allowlisted by the user via `torch.serialization.add_safe_globals`. We recommend you start setting `weights_only=True` for any use case where you don't have full control of the loaded file. Please open an issue on GitHub for any issues related to this experimental feature.
  quant_state = torch.load(
/workspace/parameter-golf/train_gpt.py:1507: FutureWarning: You are using `torch.load` with `weights_only=False` (the current default value), which uses the default pickle module implicitly. It is possible to construct malicious pickle data which will execute arbitrary code during unpickling (See https://github.com/pytorch/pytorch/blob/main/SECURITY.md#untrusted-models for more details). In a future release, the default value for `weights_only` will be flipped to `True`. This limits the functions that could be executed during unpickling. Arbitrary objects will no longer be allowed to be loaded via this mode unless they are explicitly allowlisted by the user via `torch.serialization.add_safe_globals`. We recommend you start setting `weights_only=True` for any use case where you don't have full control of the loaded file. Please open an issue on GitHub for any issues related to this experimental feature.
  quant_state = torch.load(
/workspace/parameter-golf/train_gpt.py:1507: FutureWarning: You are using `torch.load` with `weights_only=False` (the current default value), which uses the default pickle module implicitly. It is possible to construct malicious pickle data which will execute arbitrary code during unpickling (See https://github.com/pytorch/pytorch/blob/main/SECURITY.md#untrusted-models for more details). In a future release, the default value for `weights_only` will be flipped to `True`. This limits the functions that could be executed during unpickling. Arbitrary objects will no longer be allowed to be loaded via this mode unless they are explicitly allowlisted by the user via `torch.serialization.add_safe_globals`. We recommend you start setting `weights_only=True` for any use case where you don't have full control of the loaded file. Please open an issue on GitHub for any issues related to this experimental feature.
  quant_state = torch.load(
/workspace/parameter-golf/train_gpt.py:1507: FutureWarning: You are using `torch.load` with `weights_only=False` (the current default value), which uses the default pickle module implicitly. It is possible to construct malicious pickle data which will execute arbitrary code during unpickling (See https://github.com/pytorch/pytorch/blob/main/SECURITY.md#untrusted-models for more details). In a future release, the default value for `weights_only` will be flipped to `True`. This limits the functions that could be executed during unpickling. Arbitrary objects will no longer be allowed to be loaded via this mode unless they are explicitly allowlisted by the user via `torch.serialization.add_safe_globals`. We recommend you start setting `weights_only=True` for any use case where you don't have full control of the loaded file. Please open an issue on GitHub for any issues related to this experimental feature.
  quant_state = torch.load(
/workspace/parameter-golf/train_gpt.py:1507: FutureWarning: You are using `torch.load` with `weights_only=False` (the current default value), which uses the default pickle module implicitly. It is possible to construct malicious pickle data which will execute arbitrary code during unpickling (See https://github.com/pytorch/pytorch/blob/main/SECURITY.md#untrusted-models for more details). In a future release, the default value for `weights_only` will be flipped to `True`. This limits the functions that could be executed during unpickling. Arbitrary objects will no longer be allowed to be loaded via this mode unless they are explicitly allowlisted by the user via `torch.serialization.add_safe_globals`. We recommend you start setting `weights_only=True` for any use case where you don't have full control of the loaded file. Please open an issue on GitHub for any issues related to this experimental feature.
  quant_state = torch.load(
final_int6_roundtrip val_loss:1.9117 val_bpb:1.1322 eval_time:50158ms
final_int6_roundtrip_exact val_loss:1.91170005 val_bpb:1.13221645
final_int6_sliding_window val_loss:1.8753 val_bpb:1.1107 stride:64 eval_time:115829ms
final_int6_sliding_window_exact val_loss:1.87533397 val_bpb:1.11068135
final_slot val_loss:1.1976 val_bpb:0.7093 steps:24 lr:0.024 time:272066ms
final_slot_exact val_loss:1.19759210 val_bpb:0.70928310
