W0404 21:29:15.928000 132096350655104 torch/distributed/run.py:779] 
W0404 21:29:15.928000 132096350655104 torch/distributed/run.py:779] *****************************************
W0404 21:29:15.928000 132096350655104 torch/distributed/run.py:779] Setting OMP_NUM_THREADS environment variable for each process to be 1 in default, to avoid your system being overloaded, please further tune the variable for optimal performance in your application as needed. 
W0404 21:29:15.928000 132096350655104 torch/distributed/run.py:779] *****************************************
logs/d5f9f1c9-0f5e-49c5-a740-e87b13ad11b7.txt
val_bpb:enabled tokenizer_kind=sentencepiece tokenizer_path=./data/tokenizers/fineweb_1024_bpe.model
train_loader:dataset:fineweb10B_sp1024 train_shards:80
val_loader:shards pattern=./data/datasets/fineweb10B_sp1024/fineweb_val_*.bin tokens:62021632
model_params:26993756
mtp_num_heads:0 mtp_loss_weight:0.2 mtp_params:0
XSA:last_11 active_layers:[0, 1, 2, 3, 4, 5, 6, 7, 8, 9, 10]
world_size:8 grad_accum_steps:1
sdp_backends:cudnn=False flash=True mem_efficient=False math=False
attention_mode:gqa num_heads:8 num_kv_heads:4
tie_embeddings:True embed_lr:0.035 head_lr:0.0 matrix_lr:0.025 scalar_lr:0.025
train_batch_tokens:786432 train_seq_len:2048 iterations:20000 warmup_steps:20 max_wallclock_seconds:600.000
seed:2025
warmup_step:1/20
warmup_step:2/20
warmup_step:3/20
warmup_step:4/20
warmup_step:5/20
warmup_step:6/20
warmup_step:7/20
warmup_step:8/20
warmup_step:9/20
warmup_step:10/20
warmup_step:11/20
warmup_step:12/20
warmup_step:13/20
warmup_step:14/20
warmup_step:15/20
warmup_step:16/20
warmup_step:17/20
warmup_step:18/20
warmup_step:19/20
warmup_step:20/20
step:0/20000 val_loss:6.9269 val_bpb:4.1025 train_time:0ms step_avg:0.01ms
step:1/20000 train_loss:6.9281 train_time:127ms step_avg:126.97ms
step:2/20000 train_loss:8.4221 train_time:160ms step_avg:80.09ms
step:3/20000 train_loss:7.4024 train_time:269ms step_avg:89.51ms
step:4/20000 train_loss:8.3649 train_time:377ms step_avg:94.22ms
step:5/20000 train_loss:8.6386 train_time:485ms step_avg:97.04ms
step:6/20000 train_loss:8.2532 train_time:594ms step_avg:98.98ms
step:7/20000 train_loss:7.6673 train_time:702ms step_avg:100.29ms
step:8/20000 train_loss:7.0864 train_time:811ms step_avg:101.37ms
step:9/20000 train_loss:6.5361 train_time:922ms step_avg:102.39ms
step:10/20000 train_loss:6.1370 train_time:1032ms step_avg:103.22ms
step:500/20000 train_loss:2.4125 train_time:54721ms step_avg:109.44ms
step:1000/20000 train_loss:2.2704 train_time:109735ms step_avg:109.74ms
step:1500/20000 train_loss:2.2106 train_time:164740ms step_avg:109.83ms
step:2000/20000 train_loss:2.0533 train_time:219745ms step_avg:109.87ms
step:2500/20000 train_loss:2.1441 train_time:274723ms step_avg:109.89ms
step:3000/20000 train_loss:2.1250 train_time:329666ms step_avg:109.89ms
step:3500/20000 train_loss:2.1343 train_time:384593ms step_avg:109.88ms
step:4000/20000 train_loss:1.9165 train_time:439515ms step_avg:109.88ms
step:4000/20000 val_loss:2.0085 val_bpb:1.1895 train_time:439588ms step_avg:109.90ms
step:4500/20000 train_loss:2.0594 train_time:494442ms step_avg:109.88ms
swa:start step:4800
late_qat:enabled step:4933 scale:0.1498
step:5000/20000 train_loss:2.0383 train_time:549722ms step_avg:109.94ms
step:5453/20000 val_loss:1.9355 val_bpb:1.1463 train_time:600145ms step_avg:110.06ms
stopping_early: wallclock_cap train_time:600145ms step:5453/20000
peak memory allocated: 29229 MiB reserved: 29800 MiB
ema:applying EMA weights
DIAGNOSTIC post_ema val_loss:1.9343 val_bpb:1.1456 eval_time:2434ms
ttt:start lr=0.0005 epochs=6 freeze_blocks=2 cosine_decay=True
ttt_adamw:params trainable=26989644 frozen=4112
ttt_adamw:epoch 1/6 loss:1.9523 time:30.0s
ttt_adamw:epoch 2/6 loss:1.9275 time:59.7s
ttt_adamw:epoch 3/6 loss:1.9160 time:89.5s
ttt_adamw:epoch 4/6 loss:1.9058 time:119.3s
ttt_adamw:epoch 5/6 loss:1.8974 time:149.0s
ttt_adamw:epoch 6/6 loss:1.8916 time:178.8s
ttt_adamw:done elapsed=178.8s
ttt:elapsed=178.8s
DIAGNOSTIC post_ttt val_loss:1.8881 val_bpb:1.1182 eval_time:9464ms
Serialized model: 106158113 bytes
Code size: 112541 bytes
gptq:building non-banked model for Hessian collection...
gptq:collecting hessians from training data (256 batches)...
gptq:collected hessians for 68 layers (training data)
selective_prune: 4121117 ±1 candidates, unpruned=15.20MB target=15.9MB
selective_prune: already fits, no pruning needed
Serialized model int6+lzma: 15822692 bytes
Total submission size int6+lzma: 15935233 bytes
final_int6_roundtrip val_loss:1.8952 val_bpb:1.1224 eval_time:42499ms
final_int6_roundtrip_exact val_loss:1.89518840 val_bpb:1.12243732
final_int6_sliding_window val_loss:1.8600 val_bpb:1.1016 stride:64 eval_time:115944ms
final_int6_sliding_window_exact val_loss:1.85997902 val_bpb:1.10158726
final_int8_zlib_roundtrip_exact val_loss:1.85997902 val_bpb:1.10158726
